<?xml version="1.0" encoding="UTF-8"?>
<testsuite xmlns:xsi="http://www.w3.org/2001/XMLSchema-instance" xsi:noNamespaceSchemaLocation="https://maven.apache.org/surefire/maven-surefire-plugin/xsd/surefire-test-report-3.0.xsd" version="3.0" name="com.amazon.runners.TestRunner" time="8.999" tests="1" errors="0" skipped="0" failures="0">
  <properties>
    <property name="java.specification.version" value="17"/>
    <property name="sun.jnu.encoding" value="UTF-8"/>
    <property name="java.class.path" value="/Users/hakantetik/IdeaProjects/AmazonProject/target/test-classes:/Users/hakantetik/IdeaProjects/AmazonProject/target/classes:/Users/hakantetik/.m2/repository/org/seleniumhq/selenium/selenium-java/4.16.1/selenium-java-4.16.1.jar:/Users/hakantetik/.m2/repository/org/seleniumhq/selenium/selenium-api/4.16.1/selenium-api-4.16.1.jar:/Users/hakantetik/.m2/repository/org/seleniumhq/selenium/selenium-chrome-driver/4.16.1/selenium-chrome-driver-4.16.1.jar:/Users/hakantetik/.m2/repository/com/google/auto/service/auto-service-annotations/1.1.1/auto-service-annotations-1.1.1.jar:/Users/hakantetik/.m2/repository/org/seleniumhq/selenium/selenium-chromium-driver/4.16.1/selenium-chromium-driver-4.16.1.jar:/Users/hakantetik/.m2/repository/org/seleniumhq/selenium/selenium-json/4.16.1/selenium-json-4.16.1.jar:/Users/hakantetik/.m2/repository/org/seleniumhq/selenium/selenium-manager/4.16.1/selenium-manager-4.16.1.jar:/Users/hakantetik/.m2/repository/org/seleniumhq/selenium/selenium-devtools-v118/4.16.1/selenium-devtools-v118-4.16.1.jar:/Users/hakantetik/.m2/repository/org/seleniumhq/selenium/selenium-devtools-v119/4.16.1/selenium-devtools-v119-4.16.1.jar:/Users/hakantetik/.m2/repository/org/seleniumhq/selenium/selenium-devtools-v120/4.16.1/selenium-devtools-v120-4.16.1.jar:/Users/hakantetik/.m2/repository/org/seleniumhq/selenium/selenium-devtools-v85/4.16.1/selenium-devtools-v85-4.16.1.jar:/Users/hakantetik/.m2/repository/org/seleniumhq/selenium/selenium-edge-driver/4.16.1/selenium-edge-driver-4.16.1.jar:/Users/hakantetik/.m2/repository/org/seleniumhq/selenium/selenium-firefox-driver/4.16.1/selenium-firefox-driver-4.16.1.jar:/Users/hakantetik/.m2/repository/org/seleniumhq/selenium/selenium-http/4.16.1/selenium-http-4.16.1.jar:/Users/hakantetik/.m2/repository/dev/failsafe/failsafe/3.3.2/failsafe-3.3.2.jar:/Users/hakantetik/.m2/repository/org/seleniumhq/selenium/selenium-ie-driver/4.16.1/selenium-ie-driver-4.16.1.jar:/Users/hakantetik/.m2/repository/org/seleniumhq/selenium/selenium-remote-driver/4.16.1/selenium-remote-driver-4.16.1.jar:/Users/hakantetik/.m2/repository/com/google/guava/guava/32.1.2-jre/guava-32.1.2-jre.jar:/Users/hakantetik/.m2/repository/com/google/guava/failureaccess/1.0.1/failureaccess-1.0.1.jar:/Users/hakantetik/.m2/repository/com/google/guava/listenablefuture/9999.0-empty-to-avoid-conflict-with-guava/listenablefuture-9999.0-empty-to-avoid-conflict-with-guava.jar:/Users/hakantetik/.m2/repository/com/google/code/findbugs/jsr305/3.0.2/jsr305-3.0.2.jar:/Users/hakantetik/.m2/repository/org/checkerframework/checker-qual/3.33.0/checker-qual-3.33.0.jar:/Users/hakantetik/.m2/repository/com/google/errorprone/error_prone_annotations/2.18.0/error_prone_annotations-2.18.0.jar:/Users/hakantetik/.m2/repository/com/google/j2objc/j2objc-annotations/2.8/j2objc-annotations-2.8.jar:/Users/hakantetik/.m2/repository/io/opentelemetry/opentelemetry-api/1.28.0/opentelemetry-api-1.28.0.jar:/Users/hakantetik/.m2/repository/io/opentelemetry/opentelemetry-context/1.28.0/opentelemetry-context-1.28.0.jar:/Users/hakantetik/.m2/repository/io/opentelemetry/opentelemetry-exporter-logging/1.28.0/opentelemetry-exporter-logging-1.28.0.jar:/Users/hakantetik/.m2/repository/io/opentelemetry/opentelemetry-sdk-metrics/1.28.0/opentelemetry-sdk-metrics-1.28.0.jar:/Users/hakantetik/.m2/repository/io/opentelemetry/opentelemetry-extension-incubator/1.28.0-alpha/opentelemetry-extension-incubator-1.28.0-alpha.jar:/Users/hakantetik/.m2/repository/io/opentelemetry/opentelemetry-sdk-logs/1.28.0/opentelemetry-sdk-logs-1.28.0.jar:/Users/hakantetik/.m2/repository/io/opentelemetry/opentelemetry-sdk-common/1.28.0/opentelemetry-sdk-common-1.28.0.jar:/Users/hakantetik/.m2/repository/io/opentelemetry/opentelemetry-sdk-extension-autoconfigure-spi/1.28.0/opentelemetry-sdk-extension-autoconfigure-spi-1.28.0.jar:/Users/hakantetik/.m2/repository/io/opentelemetry/opentelemetry-sdk-extension-autoconfigure/1.28.0/opentelemetry-sdk-extension-autoconfigure-1.28.0.jar:/Users/hakantetik/.m2/repository/io/opentelemetry/opentelemetry-api-events/1.28.0-alpha/opentelemetry-api-events-1.28.0-alpha.jar:/Users/hakantetik/.m2/repository/io/opentelemetry/opentelemetry-sdk-trace/1.28.0/opentelemetry-sdk-trace-1.28.0.jar:/Users/hakantetik/.m2/repository/io/opentelemetry/opentelemetry-sdk/1.28.0/opentelemetry-sdk-1.28.0.jar:/Users/hakantetik/.m2/repository/io/opentelemetry/opentelemetry-semconv/1.28.0-alpha/opentelemetry-semconv-1.28.0-alpha.jar:/Users/hakantetik/.m2/repository/net/bytebuddy/byte-buddy/1.14.5/byte-buddy-1.14.5.jar:/Users/hakantetik/.m2/repository/org/seleniumhq/selenium/selenium-os/4.16.1/selenium-os-4.16.1.jar:/Users/hakantetik/.m2/repository/org/apache/commons/commons-exec/1.3/commons-exec-1.3.jar:/Users/hakantetik/.m2/repository/org/seleniumhq/selenium/selenium-safari-driver/4.16.1/selenium-safari-driver-4.16.1.jar:/Users/hakantetik/.m2/repository/org/seleniumhq/selenium/selenium-support/4.16.1/selenium-support-4.16.1.jar:/Users/hakantetik/.m2/repository/io/cucumber/cucumber-java/7.14.0/cucumber-java-7.14.0.jar:/Users/hakantetik/.m2/repository/io/cucumber/cucumber-core/7.14.0/cucumber-core-7.14.0.jar:/Users/hakantetik/.m2/repository/io/cucumber/cucumber-gherkin/7.14.0/cucumber-gherkin-7.14.0.jar:/Users/hakantetik/.m2/repository/io/cucumber/cucumber-gherkin-messages/7.14.0/cucumber-gherkin-messages-7.14.0.jar:/Users/hakantetik/.m2/repository/io/cucumber/messages/22.0.0/messages-22.0.0.jar:/Users/hakantetik/.m2/repository/io/cucumber/tag-expressions/5.0.6/tag-expressions-5.0.6.jar:/Users/hakantetik/.m2/repository/io/cucumber/cucumber-expressions/16.1.2/cucumber-expressions-16.1.2.jar:/Users/hakantetik/.m2/repository/io/cucumber/datatable/7.14.0/datatable-7.14.0.jar:/Users/hakantetik/.m2/repository/io/cucumber/cucumber-plugin/7.14.0/cucumber-plugin-7.14.0.jar:/Users/hakantetik/.m2/repository/io/cucumber/docstring/7.14.0/docstring-7.14.0.jar:/Users/hakantetik/.m2/repository/io/cucumber/html-formatter/20.4.0/html-formatter-20.4.0.jar:/Users/hakantetik/.m2/repository/io/cucumber/junit-xml-formatter/0.2.0/junit-xml-formatter-0.2.0.jar:/Users/hakantetik/.m2/repository/io/cucumber/ci-environment/9.2.0/ci-environment-9.2.0.jar:/Users/hakantetik/.m2/repository/org/apiguardian/apiguardian-api/1.1.2/apiguardian-api-1.1.2.jar:/Users/hakantetik/.m2/repository/io/cucumber/cucumber-junit/7.14.0/cucumber-junit-7.14.0.jar:/Users/hakantetik/.m2/repository/junit/junit/4.13.2/junit-4.13.2.jar:/Users/hakantetik/.m2/repository/org/hamcrest/hamcrest-core/1.3/hamcrest-core-1.3.jar:/Users/hakantetik/.m2/repository/io/qameta/allure/allure-cucumber7-jvm/2.24.0/allure-cucumber7-jvm-2.24.0.jar:/Users/hakantetik/.m2/repository/io/qameta/allure/allure-java-commons/2.24.0/allure-java-commons-2.24.0.jar:/Users/hakantetik/.m2/repository/org/slf4j/slf4j-api/1.7.36/slf4j-api-1.7.36.jar:/Users/hakantetik/.m2/repository/io/qameta/allure/allure-model/2.24.0/allure-model-2.24.0.jar:/Users/hakantetik/.m2/repository/io/cucumber/gherkin/26.2.0/gherkin-26.2.0.jar:/Users/hakantetik/.m2/repository/org/apache/logging/log4j/log4j-core/2.22.0/log4j-core-2.22.0.jar:/Users/hakantetik/.m2/repository/org/apache/logging/log4j/log4j-api/2.22.0/log4j-api-2.22.0.jar:"/>
    <property name="java.vm.vendor" value="Homebrew"/>
    <property name="sun.arch.data.model" value="64"/>
    <property name="java.vendor.url" value="https://github.com/Homebrew/homebrew-core/issues"/>
    <property name="os.name" value="Mac OS X"/>
    <property name="java.vm.specification.version" value="17"/>
    <property name="sun.java.launcher" value="SUN_STANDARD"/>
    <property name="user.country" value="FR"/>
    <property name="sun.boot.library.path" value="/usr/local/Cellar/openjdk@17/17.0.13/libexec/openjdk.jdk/Contents/Home/lib"/>
    <property name="sun.java.command" value="/Users/hakantetik/IdeaProjects/AmazonProject/target/surefire/surefirebooter-20250110131314663_3.jar /Users/hakantetik/IdeaProjects/AmazonProject/target/surefire 2025-01-10T13-13-14_598-jvmRun1 surefire-20250110131314663_1tmp surefire_0-20250110131314663_2tmp"/>
    <property name="http.nonProxyHosts" value="local|*.local|169.254/16|*.169.254/16"/>
    <property name="jdk.debug" value="release"/>
    <property name="surefire.test.class.path" value="/Users/hakantetik/IdeaProjects/AmazonProject/target/test-classes:/Users/hakantetik/IdeaProjects/AmazonProject/target/classes:/Users/hakantetik/.m2/repository/org/seleniumhq/selenium/selenium-java/4.16.1/selenium-java-4.16.1.jar:/Users/hakantetik/.m2/repository/org/seleniumhq/selenium/selenium-api/4.16.1/selenium-api-4.16.1.jar:/Users/hakantetik/.m2/repository/org/seleniumhq/selenium/selenium-chrome-driver/4.16.1/selenium-chrome-driver-4.16.1.jar:/Users/hakantetik/.m2/repository/com/google/auto/service/auto-service-annotations/1.1.1/auto-service-annotations-1.1.1.jar:/Users/hakantetik/.m2/repository/org/seleniumhq/selenium/selenium-chromium-driver/4.16.1/selenium-chromium-driver-4.16.1.jar:/Users/hakantetik/.m2/repository/org/seleniumhq/selenium/selenium-json/4.16.1/selenium-json-4.16.1.jar:/Users/hakantetik/.m2/repository/org/seleniumhq/selenium/selenium-manager/4.16.1/selenium-manager-4.16.1.jar:/Users/hakantetik/.m2/repository/org/seleniumhq/selenium/selenium-devtools-v118/4.16.1/selenium-devtools-v118-4.16.1.jar:/Users/hakantetik/.m2/repository/org/seleniumhq/selenium/selenium-devtools-v119/4.16.1/selenium-devtools-v119-4.16.1.jar:/Users/hakantetik/.m2/repository/org/seleniumhq/selenium/selenium-devtools-v120/4.16.1/selenium-devtools-v120-4.16.1.jar:/Users/hakantetik/.m2/repository/org/seleniumhq/selenium/selenium-devtools-v85/4.16.1/selenium-devtools-v85-4.16.1.jar:/Users/hakantetik/.m2/repository/org/seleniumhq/selenium/selenium-edge-driver/4.16.1/selenium-edge-driver-4.16.1.jar:/Users/hakantetik/.m2/repository/org/seleniumhq/selenium/selenium-firefox-driver/4.16.1/selenium-firefox-driver-4.16.1.jar:/Users/hakantetik/.m2/repository/org/seleniumhq/selenium/selenium-http/4.16.1/selenium-http-4.16.1.jar:/Users/hakantetik/.m2/repository/dev/failsafe/failsafe/3.3.2/failsafe-3.3.2.jar:/Users/hakantetik/.m2/repository/org/seleniumhq/selenium/selenium-ie-driver/4.16.1/selenium-ie-driver-4.16.1.jar:/Users/hakantetik/.m2/repository/org/seleniumhq/selenium/selenium-remote-driver/4.16.1/selenium-remote-driver-4.16.1.jar:/Users/hakantetik/.m2/repository/com/google/guava/guava/32.1.2-jre/guava-32.1.2-jre.jar:/Users/hakantetik/.m2/repository/com/google/guava/failureaccess/1.0.1/failureaccess-1.0.1.jar:/Users/hakantetik/.m2/repository/com/google/guava/listenablefuture/9999.0-empty-to-avoid-conflict-with-guava/listenablefuture-9999.0-empty-to-avoid-conflict-with-guava.jar:/Users/hakantetik/.m2/repository/com/google/code/findbugs/jsr305/3.0.2/jsr305-3.0.2.jar:/Users/hakantetik/.m2/repository/org/checkerframework/checker-qual/3.33.0/checker-qual-3.33.0.jar:/Users/hakantetik/.m2/repository/com/google/errorprone/error_prone_annotations/2.18.0/error_prone_annotations-2.18.0.jar:/Users/hakantetik/.m2/repository/com/google/j2objc/j2objc-annotations/2.8/j2objc-annotations-2.8.jar:/Users/hakantetik/.m2/repository/io/opentelemetry/opentelemetry-api/1.28.0/opentelemetry-api-1.28.0.jar:/Users/hakantetik/.m2/repository/io/opentelemetry/opentelemetry-context/1.28.0/opentelemetry-context-1.28.0.jar:/Users/hakantetik/.m2/repository/io/opentelemetry/opentelemetry-exporter-logging/1.28.0/opentelemetry-exporter-logging-1.28.0.jar:/Users/hakantetik/.m2/repository/io/opentelemetry/opentelemetry-sdk-metrics/1.28.0/opentelemetry-sdk-metrics-1.28.0.jar:/Users/hakantetik/.m2/repository/io/opentelemetry/opentelemetry-extension-incubator/1.28.0-alpha/opentelemetry-extension-incubator-1.28.0-alpha.jar:/Users/hakantetik/.m2/repository/io/opentelemetry/opentelemetry-sdk-logs/1.28.0/opentelemetry-sdk-logs-1.28.0.jar:/Users/hakantetik/.m2/repository/io/opentelemetry/opentelemetry-sdk-common/1.28.0/opentelemetry-sdk-common-1.28.0.jar:/Users/hakantetik/.m2/repository/io/opentelemetry/opentelemetry-sdk-extension-autoconfigure-spi/1.28.0/opentelemetry-sdk-extension-autoconfigure-spi-1.28.0.jar:/Users/hakantetik/.m2/repository/io/opentelemetry/opentelemetry-sdk-extension-autoconfigure/1.28.0/opentelemetry-sdk-extension-autoconfigure-1.28.0.jar:/Users/hakantetik/.m2/repository/io/opentelemetry/opentelemetry-api-events/1.28.0-alpha/opentelemetry-api-events-1.28.0-alpha.jar:/Users/hakantetik/.m2/repository/io/opentelemetry/opentelemetry-sdk-trace/1.28.0/opentelemetry-sdk-trace-1.28.0.jar:/Users/hakantetik/.m2/repository/io/opentelemetry/opentelemetry-sdk/1.28.0/opentelemetry-sdk-1.28.0.jar:/Users/hakantetik/.m2/repository/io/opentelemetry/opentelemetry-semconv/1.28.0-alpha/opentelemetry-semconv-1.28.0-alpha.jar:/Users/hakantetik/.m2/repository/net/bytebuddy/byte-buddy/1.14.5/byte-buddy-1.14.5.jar:/Users/hakantetik/.m2/repository/org/seleniumhq/selenium/selenium-os/4.16.1/selenium-os-4.16.1.jar:/Users/hakantetik/.m2/repository/org/apache/commons/commons-exec/1.3/commons-exec-1.3.jar:/Users/hakantetik/.m2/repository/org/seleniumhq/selenium/selenium-safari-driver/4.16.1/selenium-safari-driver-4.16.1.jar:/Users/hakantetik/.m2/repository/org/seleniumhq/selenium/selenium-support/4.16.1/selenium-support-4.16.1.jar:/Users/hakantetik/.m2/repository/io/cucumber/cucumber-java/7.14.0/cucumber-java-7.14.0.jar:/Users/hakantetik/.m2/repository/io/cucumber/cucumber-core/7.14.0/cucumber-core-7.14.0.jar:/Users/hakantetik/.m2/repository/io/cucumber/cucumber-gherkin/7.14.0/cucumber-gherkin-7.14.0.jar:/Users/hakantetik/.m2/repository/io/cucumber/cucumber-gherkin-messages/7.14.0/cucumber-gherkin-messages-7.14.0.jar:/Users/hakantetik/.m2/repository/io/cucumber/messages/22.0.0/messages-22.0.0.jar:/Users/hakantetik/.m2/repository/io/cucumber/tag-expressions/5.0.6/tag-expressions-5.0.6.jar:/Users/hakantetik/.m2/repository/io/cucumber/cucumber-expressions/16.1.2/cucumber-expressions-16.1.2.jar:/Users/hakantetik/.m2/repository/io/cucumber/datatable/7.14.0/datatable-7.14.0.jar:/Users/hakantetik/.m2/repository/io/cucumber/cucumber-plugin/7.14.0/cucumber-plugin-7.14.0.jar:/Users/hakantetik/.m2/repository/io/cucumber/docstring/7.14.0/docstring-7.14.0.jar:/Users/hakantetik/.m2/repository/io/cucumber/html-formatter/20.4.0/html-formatter-20.4.0.jar:/Users/hakantetik/.m2/repository/io/cucumber/junit-xml-formatter/0.2.0/junit-xml-formatter-0.2.0.jar:/Users/hakantetik/.m2/repository/io/cucumber/ci-environment/9.2.0/ci-environment-9.2.0.jar:/Users/hakantetik/.m2/repository/org/apiguardian/apiguardian-api/1.1.2/apiguardian-api-1.1.2.jar:/Users/hakantetik/.m2/repository/io/cucumber/cucumber-junit/7.14.0/cucumber-junit-7.14.0.jar:/Users/hakantetik/.m2/repository/junit/junit/4.13.2/junit-4.13.2.jar:/Users/hakantetik/.m2/repository/org/hamcrest/hamcrest-core/1.3/hamcrest-core-1.3.jar:/Users/hakantetik/.m2/repository/io/qameta/allure/allure-cucumber7-jvm/2.24.0/allure-cucumber7-jvm-2.24.0.jar:/Users/hakantetik/.m2/repository/io/qameta/allure/allure-java-commons/2.24.0/allure-java-commons-2.24.0.jar:/Users/hakantetik/.m2/repository/org/slf4j/slf4j-api/1.7.36/slf4j-api-1.7.36.jar:/Users/hakantetik/.m2/repository/io/qameta/allure/allure-model/2.24.0/allure-model-2.24.0.jar:/Users/hakantetik/.m2/repository/io/cucumber/gherkin/26.2.0/gherkin-26.2.0.jar:/Users/hakantetik/.m2/repository/org/apache/logging/log4j/log4j-core/2.22.0/log4j-core-2.22.0.jar:/Users/hakantetik/.m2/repository/org/apache/logging/log4j/log4j-api/2.22.0/log4j-api-2.22.0.jar:"/>
    <property name="allure.results.directory" value="/Users/hakantetik/IdeaProjects/AmazonProject/target/allure-results"/>
    <property name="sun.cpu.endian" value="little"/>
    <property name="user.home" value="/Users/hakantetik"/>
    <property name="user.language" value="tr"/>
    <property name="java.specification.vendor" value="Oracle Corporation"/>
    <property name="java.version.date" value="2024-10-15"/>
    <property name="java.home" value="/usr/local/Cellar/openjdk@17/17.0.13/libexec/openjdk.jdk/Contents/Home"/>
    <property name="file.separator" value="/"/>
    <property name="basedir" value="/Users/hakantetik/IdeaProjects/AmazonProject"/>
    <property name="java.vm.compressedOopsMode" value="Zero based"/>
    <property name="line.separator" value="&#10;"/>
    <property name="java.vm.specification.vendor" value="Oracle Corporation"/>
    <property name="java.specification.name" value="Java Platform API Specification"/>
    <property name="surefire.real.class.path" value="/Users/hakantetik/IdeaProjects/AmazonProject/target/surefire/surefirebooter-20250110131314663_3.jar"/>
    <property name="sun.management.compiler" value="HotSpot 64-Bit Tiered Compilers"/>
    <property name="ftp.nonProxyHosts" value="local|*.local|169.254/16|*.169.254/16"/>
    <property name="cucumber.plugin" value="pretty,html:target/cucumber-reports/report.html,json:target/cucumber-reports/cucumber.json"/>
    <property name="java.runtime.version" value="17.0.13+0"/>
    <property name="user.name" value="hakantetik"/>
    <property name="path.separator" value=":"/>
    <property name="os.version" value="15.2"/>
    <property name="java.runtime.name" value="OpenJDK Runtime Environment"/>
    <property name="file.encoding" value="UTF-8"/>
    <property name="java.vm.name" value="OpenJDK 64-Bit Server VM"/>
    <property name="java.vendor.version" value="Homebrew"/>
    <property name="localRepository" value="/Users/hakantetik/.m2/repository"/>
    <property name="java.vendor.url.bug" value="https://github.com/Homebrew/homebrew-core/issues"/>
    <property name="java.io.tmpdir" value="/var/folders/yv/xslfpg590dv5h4c15d2y4hn80000gn/T/"/>
    <property name="java.version" value="17.0.13"/>
    <property name="user.dir" value="/Users/hakantetik/IdeaProjects/AmazonProject"/>
    <property name="os.arch" value="x86_64"/>
    <property name="java.vm.specification.name" value="Java Virtual Machine Specification"/>
    <property name="native.encoding" value="UTF-8"/>
    <property name="java.library.path" value="/Users/hakantetik/Library/Java/Extensions:/Library/Java/Extensions:/Network/Library/Java/Extensions:/System/Library/Java/Extensions:/usr/lib/java:."/>
    <property name="java.vm.info" value="mixed mode, sharing"/>
    <property name="java.vendor" value="Homebrew"/>
    <property name="java.vm.version" value="17.0.13+0"/>
    <property name="java.specification.maintenance.version" value="1"/>
    <property name="sun.io.unicode.encoding" value="UnicodeBig"/>
    <property name="socksNonProxyHosts" value="local|*.local|169.254/16|*.169.254/16"/>
    <property name="java.class.version" value="61.0"/>
  </properties>
  <testcase name="Kullanici Amazon&apos;da urun arayabilmeli" classname="Amazon Arama Fonksiyonu" time="7.614">
    <system-out><![CDATA[
Scenario: Kullanici Amazon'da urun arayabilmeli # src/test/resources/features/amazon_search.feature:3
13:13:17.417 [main] INFO  com.amazon.steps.Hooks - Starting scenario: Kullanici Amazon'da urun arayabilmeli
13:13:19.551 [main] INFO  com.amazon.steps.Hooks - Driver initialized successfully
  Given Kullanici Amazon ana sayfasina gider    # com.amazon.steps.SearchSteps.kullaniciAmazonAnaSayfasinaGider()
  When Kullanici arama kutusuna "laptop" yazar  # com.amazon.steps.SearchSteps.kullaniciAramaKutusunaYazar(java.lang.String)
  And Kullanici arama butonuna tiklar           # com.amazon.steps.SearchSteps.kullaniciAramaButonunaTiklar()
  Then Kullanici arama sonuclarini görmeli      # com.amazon.steps.SearchSteps.kullaniciAramaSonuclariniGormeli()
  And Sonuclarda "laptop" kelimesi bulunmali    # com.amazon.steps.SearchSteps.sonuclardaKelimesiBulunmali(java.lang.String)
13:13:24.254 [main] INFO  com.amazon.steps.Hooks - Driver closed successfully
]]></system-out>
    <system-err><![CDATA[SLF4J: Failed to load class "org.slf4j.impl.StaticLoggerBinder".
SLF4J: Defaulting to no-operation (NOP) logger implementation
SLF4J: See http://www.slf4j.org/codes.html#StaticLoggerBinder for further details.
Oca 10, 2025 1:13:19 ÖS org.openqa.selenium.devtools.CdpVersionFinder findNearestMatch
WARNING: Unable to find CDP implementation matching 131
Oca 10, 2025 1:13:19 ÖS org.openqa.selenium.chromium.ChromiumDriver lambda$new$5
WARNING: Unable to find version of CDP to use for 131.0.6778.265. You may need to include a dependency on a specific version of the CDP using something similar to `org.seleniumhq.selenium:selenium-devtools-v86:4.16.1` where the version ("v86") matches the version of the chromium-based browser you're using and the version number of the artifact is the same as Selenium's.
]]></system-err>
  </testcase>
</testsuite>